2024-05-08 12:28:09 INFO Starting the rules engine
2024-05-08 12:28:09 INFO Read 1000 orders from the CSV
2024-05-08 12:28:09 INFO Processed 1000 orders
2024-05-08 12:28:10 INFO Oracle JDBC driver loaded successfully
2024-05-08 12:28:11 INFO Connected to the Oracle database
2024-05-08 12:28:11 INFO Successfully inserted 1000 orders into the database.
2024-05-08 12:28:11 INFO Database connection closed
2024-05-08 12:29:10 INFO Starting the rules engine
2024-05-08 12:29:10 INFO Read 1000 orders from the CSV
2024-05-08 12:29:10 INFO Processed 1000 orders
2024-05-08 12:29:10 INFO Oracle JDBC driver loaded successfully
2024-05-08 12:29:11 INFO Connected to the Oracle database
2024-05-08 12:29:12 INFO Successfully inserted 1000 orders into the database.
2024-05-08 12:29:12 INFO Database connection closed
2024-05-13 14:44:09 INFO Starting the rules engine
2024-05-13 14:44:09 INFO Read 1000 orders from the CSV
2024-05-13 14:44:09 INFO Processed 1000 orders
2024-05-13 14:44:10 INFO Oracle JDBC driver loaded successfully
2024-05-13 14:44:11 INFO Connected to the Oracle database
2024-05-13 14:44:12 INFO Successfully inserted 1000 orders into the database.
2024-05-13 14:44:12 INFO Database connection closed
2024-05-13 14:49:18 INFO Starting the rules engine
2024-05-13 14:49:19 INFO Read 1000 orders from the CSV
2024-05-13 14:49:19 INFO Processed 1000 orders
2024-05-13 14:49:19 INFO Oracle JDBC driver loaded successfully
2024-05-13 14:49:20 INFO Connected to the Oracle database
2024-05-13 14:49:21 INFO Successfully inserted 1000 orders into the database.
2024-05-13 14:49:21 INFO Database connection closed
2024-05-13 14:52:50 INFO Starting the rules engine
2024-05-13 14:52:50 INFO Read 1000 orders from the CSV
2024-05-13 14:52:50 INFO Processed 1000 orders
2024-05-13 14:52:50 INFO Oracle JDBC driver loaded successfully
2024-05-13 14:52:51 INFO Connected to the Oracle database
2024-05-13 14:52:52 INFO Successfully inserted 1000 orders into the database.
2024-05-13 14:52:52 INFO Database connection closed
2024-05-13 14:58:44 INFO Starting the rules engine
2024-05-13 14:58:44 INFO Read 1000 orders from the CSV
2024-05-13 14:58:44 INFO Processed 1000 orders
2024-05-13 14:58:44 INFO Oracle JDBC driver loaded successfully
2024-05-13 14:58:45 INFO Connected to the Oracle database
2024-05-13 14:58:46 INFO Successfully inserted 1000 orders into the database.
2024-05-13 14:58:46 INFO Database connection closed
2024-05-13 14:59:49 INFO Starting the rules engine
2024-05-13 14:59:49 INFO Read 1000 orders from the CSV
2024-05-13 14:59:49 INFO Processed 1000 orders
2024-05-13 14:59:49 INFO Oracle JDBC driver loaded successfully
2024-05-13 14:59:50 INFO Connected to the Oracle database
2024-05-13 14:59:51 INFO Successfully inserted 1000 orders into the database.
2024-05-13 14:59:51 INFO Database connection closed
2024-05-13 15:10:35 INFO Starting the rules engine
2024-05-13 15:10:35 INFO Read 1000 orders from the CSV
2024-05-13 15:10:35 INFO Processed 1000 orders
2024-05-13 15:10:36 INFO Oracle JDBC driver loaded successfully
2024-05-13 15:10:36 INFO Connected to the Oracle database
2024-05-13 15:10:37 INFO Successfully inserted 1000 orders into the database.
2024-05-13 15:10:37 INFO Database connection closed
2024-05-13 15:13:50 INFO Starting the rules engine
2024-05-13 15:13:51 INFO Read 1000 orders from the CSV
2024-05-13 15:13:51 INFO Processed 1000 orders
2024-05-13 15:13:51 INFO Oracle JDBC driver loaded successfully
2024-05-13 15:13:52 INFO Connected to the Oracle database
2024-05-13 15:13:53 INFO Successfully inserted 1000 orders into the database.
2024-05-13 15:13:53 INFO Database connection closed
2024-05-13 15:20:10 INFO Starting the rules engine
2024-05-13 15:20:10 INFO Read 1000 orders from the CSV
2024-05-13 15:20:10 INFO Processed 1000 orders
2024-05-13 15:20:11 INFO Oracle JDBC driver loaded successfully
2024-05-13 15:20:12 INFO Connected to the Oracle database
2024-05-13 15:20:12 INFO Successfully inserted 1000 orders into the database.
2024-05-13 15:20:12 INFO Database connection closed
2024-05-13 15:23:29 INFO Starting the rules engine
2024-05-13 15:23:29 INFO Read 1000 orders from the CSV
2024-05-13 15:23:29 INFO Processed 1000 orders
2024-05-13 15:23:29 INFO Oracle JDBC driver loaded successfully
2024-05-13 15:23:31 INFO Connected to the Oracle database
2024-05-13 15:23:32 INFO Successfully inserted 1000 orders into the database.
2024-05-13 15:23:32 INFO Database connection closed
2024-05-13 15:35:11 INFO Starting the rules engine
2024-05-13 15:35:11 INFO Read 1000 orders from the CSV
2024-05-13 15:35:11 INFO Processed 1000 orders
2024-05-13 15:35:12 INFO Oracle JDBC driver loaded successfully
2024-05-13 15:35:12 INFO Connected to the Oracle database
2024-05-13 15:35:13 INFO Successfully inserted 1000 orders into the database.
2024-05-13 15:35:13 INFO Database connection closed
2024-05-13 15:39:45 INFO Starting the rules engine
2024-05-13 15:39:45 INFO Read 1000 orders from the CSV
2024-05-13 15:39:45 INFO Processed 1000 orders
2024-05-13 15:39:45 INFO Oracle JDBC driver loaded successfully
2024-05-13 15:39:46 INFO Connected to the Oracle database
2024-05-13 15:39:47 INFO Successfully inserted 1000 orders into the database.
2024-05-13 15:39:47 INFO Database connection closed
2024-05-13 15:51:47 INFO Starting the rules engine
2024-05-13 15:51:48 INFO Read 1000 orders from the CSV
2024-05-13 15:51:48 INFO Processed 1000 orders
2024-05-13 15:51:48 INFO Oracle JDBC driver loaded successfully
2024-05-13 15:51:49 INFO Connected to the Oracle database
2024-05-13 15:51:50 INFO Successfully inserted 1000 orders into the database.
2024-05-13 15:51:50 INFO Database connection closed
2024-05-13 15:59:32 INFO Starting the rules engine
2024-05-13 15:59:33 INFO Read 1000 orders from the CSV
2024-05-13 15:59:33 INFO Processed 1000 orders
2024-05-13 15:59:33 INFO Oracle JDBC driver loaded successfully
2024-05-13 15:59:34 INFO Connected to the Oracle database
2024-05-13 15:59:35 INFO Successfully inserted 1000 orders into the database.
2024-05-13 15:59:35 INFO Database connection closed
2024-05-13 16:01:13 INFO Starting the rules engine
2024-05-13 16:01:13 INFO Read 1000 orders from the CSV
2024-05-13 16:01:13 INFO Processed 1000 orders
2024-05-13 16:01:14 INFO Oracle JDBC driver loaded successfully
2024-05-13 16:01:14 INFO Connected to the Oracle database
2024-05-13 16:01:15 INFO Successfully inserted 1000 orders into the database.
2024-05-13 16:01:15 INFO Database connection closed
2024-05-13 16:03:15 INFO Starting the rules engine
2024-05-13 16:03:15 INFO Read 1000 orders from the CSV
2024-05-13 16:03:15 INFO Processed 1000 orders
2024-05-13 16:03:15 INFO Oracle JDBC driver loaded successfully
2024-05-13 16:03:16 INFO Connected to the Oracle database
2024-05-13 16:03:17 INFO Successfully inserted 1000 orders into the database.
2024-05-13 16:03:17 INFO Database connection closed
2024-05-13 16:08:12 INFO Starting the rules engine
2024-05-13 16:08:13 INFO Read 1000 orders from the CSV
2024-05-13 16:08:13 INFO Processed 1000 orders
2024-05-13 16:08:13 INFO Oracle JDBC driver loaded successfully
2024-05-13 16:08:14 INFO Connected to the Oracle database
2024-05-13 16:08:15 INFO Successfully inserted 1000 orders into the database.
2024-05-13 16:08:15 INFO Database connection closed
2024-05-13 16:08:24 INFO Starting the rules engine
2024-05-13 16:08:24 INFO Read 1000 orders from the CSV
2024-05-13 16:08:24 INFO Processed 1000 orders
2024-05-13 16:08:25 INFO Oracle JDBC driver loaded successfully
2024-05-13 16:08:26 INFO Connected to the Oracle database
2024-05-13 16:08:26 INFO Successfully inserted 1000 orders into the database.
2024-05-13 16:08:26 INFO Database connection closed
2024-05-13 16:20:14 INFO Starting the rules engine
2024-05-13 16:20:14 INFO Read 1000 orders from the CSV
2024-05-13 16:20:14 INFO Processed 1000 orders
2024-05-13 16:20:14 INFO Oracle JDBC driver loaded successfully
2024-05-13 16:20:15 INFO Connected to the Oracle database
2024-05-13 16:20:16 INFO Successfully inserted 1000 orders into the database.
2024-05-13 16:20:16 INFO Database connection closed
2024-05-13 16:24:34 INFO Starting the rules engine
2024-05-13 16:24:34 INFO Read 1000 orders from the CSV
2024-05-13 16:24:34 INFO Processed 1000 orders
2024-05-13 16:24:34 INFO Oracle JDBC driver loaded successfully
2024-05-13 16:24:35 INFO Connected to the Oracle database
2024-05-13 16:24:36 INFO Successfully inserted 1000 orders into the database.
2024-05-13 16:24:36 INFO Database connection closed
